<?xml version="1.0" encoding="UTF-8"?>
<testng-results skipped="0" failed="0" total="1" passed="1">
  <reporter-output>
  </reporter-output>
  <suite name="Suite" duration-ms="67" started-at="2018-02-13T08:07:44Z" finished-at="2018-02-13T08:07:44Z">
    <groups>
    </groups>
    <test name="Test" duration-ms="67" started-at="2018-02-13T08:07:44Z" finished-at="2018-02-13T08:07:44Z">
      <class name="Login_Page.LoginScreenTest">
        <test-method status="PASS" signature="setup()[pri:0, instance:Login_Page.LoginScreenTest@6615435c]" name="setup" duration-ms="32" started-at="2018-02-13T13:37:44Z" finished-at="2018-02-13T13:37:44Z">
          <reporter-output>
          </reporter-output>
        </test-method> <!-- setup -->
      </class> <!-- Login_Page.LoginScreenTest -->
    </test> <!-- Test -->
  </suite> <!-- Suite -->
</testng-results>
