<?xml version="1.0" encoding="UTF-8"?>
<testng-results skipped="0" failed="0" total="1" passed="1">
  <reporter-output>
  </reporter-output>
  <suite name="Suite" duration-ms="60142" started-at="2018-02-09T06:39:51Z" finished-at="2018-02-09T06:40:51Z">
    <groups>
    </groups>
    <test name="Test" duration-ms="60142" started-at="2018-02-09T06:39:51Z" finished-at="2018-02-09T06:40:51Z">
      <class name="Login_Page.LoginScreenTest">
        <test-method status="PASS" signature="setup()[pri:0, instance:Login_Page.LoginScreenTest@6df97b55]" name="setup" duration-ms="60052" started-at="2018-02-09T12:09:51Z" finished-at="2018-02-09T12:10:51Z">
          <reporter-output>
          </reporter-output>
        </test-method> <!-- setup -->
      </class> <!-- Login_Page.LoginScreenTest -->
    </test> <!-- Test -->
  </suite> <!-- Suite -->
</testng-results>
