<?xml version="1.0" encoding="UTF-8"?>
<testng-results skipped="0" failed="0" ignored="0" total="1" passed="1">
  <reporter-output>
  </reporter-output>
  <suite name="Suite" duration-ms="61679" started-at="2018-02-07T10:58:26Z" finished-at="2018-02-07T10:59:28Z">
    <groups>
    </groups>
    <test name="Test" duration-ms="61679" started-at="2018-02-07T10:58:26Z" finished-at="2018-02-07T10:59:28Z">
      <class name="SignUppage.Signup">
        <test-method status="PASS" signature="setup()[pri:0, instance:SignUppage.Signup@18be83e4]" name="setup" is-config="true" duration-ms="27411" started-at="2018-02-07T16:28:26Z" finished-at="2018-02-07T16:28:54Z">
          <reporter-output>
          </reporter-output>
        </test-method> <!-- setup -->
        <test-method status="PASS" signature="signupdetail()[pri:1, instance:SignUppage.Signup@18be83e4]" name="signupdetail" duration-ms="34239" started-at="2018-02-07T16:28:54Z" finished-at="2018-02-07T16:29:28Z">
          <reporter-output>
          </reporter-output>
        </test-method> <!-- signupdetail -->
      </class> <!-- SignUppage.Signup -->
    </test> <!-- Test -->
  </suite> <!-- Suite -->
</testng-results>
