<?xml version="1.0" encoding="UTF-8"?>
<testng-results skipped="0" failed="0" ignored="0" total="1" passed="1">
  <reporter-output>
  </reporter-output>
  <suite name="Default suite" duration-ms="37586" started-at="2017-08-21T05:06:33Z" finished-at="2017-08-21T05:07:11Z">
    <groups>
    </groups>
    <test name="Default test" duration-ms="37586" started-at="2017-08-21T05:06:33Z" finished-at="2017-08-21T05:07:11Z">
      <class name="Login_Page.LoginScreen">
        <test-method status="PASS" signature="setup()[pri:0, instance:Login_Page.LoginScreen@6500df86]" name="setup" is-config="true" duration-ms="5187" started-at="2017-08-21T10:36:33Z" finished-at="2017-08-21T10:36:39Z">
          <reporter-output>
          </reporter-output>
        </test-method> <!-- setup -->
        <test-method status="PASS" signature="login()[pri:0, instance:Login_Page.LoginScreen@6500df86]" name="login" duration-ms="32372" started-at="2017-08-21T10:36:39Z" finished-at="2017-08-21T10:37:11Z">
          <reporter-output>
          </reporter-output>
        </test-method> <!-- login -->
      </class> <!-- Login_Page.LoginScreen -->
    </test> <!-- Default test -->
  </suite> <!-- Default suite -->
</testng-results>
